<?xml version="1.0" encoding="utf-8"?><testsuites name="pytest tests"><testsuite name="pytest" errors="0" failures="0" skipped="0" tests="6" time="1.062" timestamp="2026-04-06T13:30:42.358968+00:00" hostname="agent-env-20d0b0ee-7b37-43d2-9c65-a22030808fc7"><testcase classname="backend.tests.test_iteration5" name="test_dashboard_stats_all_branches" time="0.452" /><testcase classname="backend.tests.test_iteration5" name="test_dashboard_stats_with_branch_filter" time="0.102" /><testcase classname="backend.tests.test_iteration5" name="test_branch_detail_api" time="0.155" /><testcase classname="backend.tests.test_iteration5" name="test_create_enquiry_via_api" time="0.098" /><testcase classname="backend.tests.test_iteration5" name="test_create_reenrollment_enquiry" time="0.142" /><testcase classname="backend.tests.test_iteration5" name="test_students_list_with_status_filter" time="0.053" /></testsuite></testsuites>