<?xml version="1.0" encoding="utf-8"?><testsuites name="pytest tests"><testsuite name="pytest" errors="0" failures="0" skipped="0" tests="9" time="1.364" timestamp="2026-05-15T04:21:24.530456+00:00" hostname="agent-env-20d0b0ee-7b37-43d2-9c65-a22030808fc7"><testcase classname="backend.tests.test_phase1_features.TestStaffPortal" name="test_staff_me_returns_expected_fields" time="0.533" /><testcase classname="backend.tests.test_phase1_features.TestStaffPortal" name="test_staff_id_card_returns_pdf" time="0.066" /><testcase classname="backend.tests.test_phase1_features.TestStaffPortal" name="test_staff_update_phone" time="0.071" /><testcase classname="backend.tests.test_phase1_features.TestFeeQueriesPagination" name="test_fee_queries_paginated_response_structure" time="0.055" /><testcase classname="backend.tests.test_phase1_features.TestFeeQueriesPagination" name="test_fee_queries_status_filter" time="0.058" /><testcase classname="backend.tests.test_phase1_features.TestFeeQueriesPagination" name="test_fee_query_comment_requires_non_empty" time="0.056" /><testcase classname="backend.tests.test_phase1_features.TestGSTCalculation" name="test_calculate_fee_with_5pct_gst" time="0.114" /><testcase classname="backend.tests.test_phase1_features.TestGSTCalculation" name="test_calculate_fee_with_18pct_gst" time="0.114" /><testcase classname="backend.tests.test_phase1_features.TestStudentUID" name="test_student_gets_enrollment_no_on_activation" time="0.175" /></testsuite></testsuites>