<?xml version="1.0" encoding="utf-8"?><testsuites name="pytest tests"><testsuite name="pytest" errors="0" failures="1" skipped="0" tests="9" time="2.927" timestamp="2026-04-06T10:11:45.480638+00:00" hostname="agent-env-20d0b0ee-7b37-43d2-9c65-a22030808fc7"><testcase classname="backend.tests.test_iteration4.TestUserEdit" name="test_edit_user_email_and_role" time="0.773"><failure message="AssertionError: assert 'test_edituse...d@example.com' == 'TEST_edituse...d@example.com'&#10;  &#10;  - TEST_edituser4_updated@example.com&#10;  ? ^^^^&#10;  + test_edituser4_updated@example.com&#10;  ? ^^^^">backend/tests/test_iteration4.py:39: in test_edit_user_email_and_role
    assert data["email"] == "TEST_edituser4_updated@example.com"
E   AssertionError: assert 'test_edituse...d@example.com' == 'TEST_edituse...d@example.com'
E     
E     - TEST_edituser4_updated@example.com
E     ? ^^^^
E     + test_edituser4_updated@example.com
E     ? ^^^^</failure></testcase><testcase classname="backend.tests.test_iteration4.TestUserEdit" name="test_edit_user_returns_updated_data" time="0.367" /><testcase classname="backend.tests.test_iteration4.TestUserEdit" name="test_edit_user_empty_update_returns_400" time="0.087" /><testcase classname="backend.tests.test_iteration4.TestEnquiryCity" name="test_create_enquiry_with_city" time="0.091" /><testcase classname="backend.tests.test_iteration4.TestEnquiryCity" name="test_update_enquiry_with_city" time="0.140" /><testcase classname="backend.tests.test_iteration4.TestBatchEdit" name="test_edit_batch" time="0.398" /><testcase classname="backend.tests.test_iteration4.TestScheduleEdit" name="test_edit_schedule" time="0.433" /><testcase classname="backend.tests.test_iteration4.TestMultiBatchOnboard" name="test_onboard_student_multi_batch" time="0.408" /><testcase classname="backend.tests.test_iteration4.TestMultiBatchOnboard" name="test_edit_branch" time="0.133" /></testsuite></testsuites>