<?xml version="1.0" encoding="utf-8"?><testsuites name="pytest tests"><testsuite name="pytest" errors="0" failures="3" skipped="0" tests="18" time="3.183" timestamp="2026-05-15T04:54:42.174362+00:00" hostname="agent-env-20d0b0ee-7b37-43d2-9c65-a22030808fc7"><testcase classname="backend.tests.test_phase2_phase3.TestWages" name="test_get_wage_config" time="1.403" /><testcase classname="backend.tests.test_phase2_phase3.TestWages" name="test_put_wage_config" time="0.077" /><testcase classname="backend.tests.test_phase2_phase3.TestWages" name="test_get_wage_config_persisted" time="0.268" /><testcase classname="backend.tests.test_phase2_phase3.TestWages" name="test_get_wage_summary" time="0.057" /><testcase classname="backend.tests.test_phase2_phase3.TestWages" name="test_get_wage_logs" time="0.059" /><testcase classname="backend.tests.test_phase2_phase3.TestStaffAttendance" name="test_get_institute_qr" time="0.057" /><testcase classname="backend.tests.test_phase2_phase3.TestStaffAttendance" name="test_get_attendance_dashboard" time="0.055" /><testcase classname="backend.tests.test_phase2_phase3.TestStaffAttendance" name="test_get_attendance_dashboard_with_date" time="0.052" /><testcase classname="backend.tests.test_phase2_phase3.TestLibrary" name="test_list_library_empty" time="0.091" /><testcase classname="backend.tests.test_phase2_phase3.TestLibrary" name="test_add_library_url_item" time="0.079" /><testcase classname="backend.tests.test_phase2_phase3.TestLibrary" name="test_list_library_with_type_filter" time="0.054" /><testcase classname="backend.tests.test_phase2_phase3.TestLibrary" name="test_delete_library_item" time="0.058" /><testcase classname="backend.tests.test_phase2_phase3.TestEnquiriesArchived" name="test_get_enquiries" time="0.054"><failure message="AssertionError: assert False&#10; +  where False = isinstance({'items': [{'address': None, 'city': 'Nashik', 'courses': [], 'created_at': '2026-04-15T07:46:11.694000', ...}, {'address': None, 'city': 'Mumbai', 'courses': [], 'created_at': '2026-04-15T07:46:11.348000', ...}, {'address': None, 'city': 'Pune', 'courses': [], 'created_at': '2026-04-15T07:46:11.004000', ...}, {'address': None, 'city': 'Nashik', 'courses': [], 'created_at': '2026-04-15T07:46:10.596000', ...}, {'address': None, 'city': 'Mumbai', 'courses': [], 'created_at': '2026-04-15T07:46:10.261000', ...}, {'address': None, 'city': 'Pune', 'courses': [], 'created_at': '2026-04-15T07:46:09.916000', ...}, ...], 'page': 1, 'pages': 6, 'total': 90}, list)&#10; +    where {'items': [{'address': None, 'city': 'Nashik', 'courses': [], 'created_at': '2026-04-15T07:46:11.694000', ...}, {'address': None, 'city': 'Mumbai', 'courses': [], 'created_at': '2026-04-15T07:46:11.348000', ...}, {'address': None, 'city': 'Pune', 'courses': [], 'created_at': '2026-04-15T07:46:11.004000', ...}, {'address': None, 'city': 'Nashik', 'courses': [], 'created_at': '2026-04-15T07:46:10.596000', ...}, {'address': None, 'city': 'Mumbai', 'courses': [], 'created_at': '2026-04-15T07:46:10.261000', ...}, {'address': None, 'city': 'Pune', 'courses': [], 'created_at': '2026-04-15T07:46:09.916000', ...}, ...], 'page': 1, 'pages': 6, 'total': 90} = json()&#10; +      where json = &lt;Response [200]&gt;.json">backend/tests/test_phase2_phase3.py:146: in test_get_enquiries
    assert isinstance(r.json(), list)
E   AssertionError: assert False
E    +  where False = isinstance({'items': [{'address': None, 'city': 'Nashik', 'courses': [], 'created_at': '2026-04-15T07:46:11.694000', ...}, {'address': None, 'city': 'Mumbai', 'courses': [], 'created_at': '2026-04-15T07:46:11.348000', ...}, {'address': None, 'city': 'Pune', 'courses': [], 'created_at': '2026-04-15T07:46:11.004000', ...}, {'address': None, 'city': 'Nashik', 'courses': [], 'created_at': '2026-04-15T07:46:10.596000', ...}, {'address': None, 'city': 'Mumbai', 'courses': [], 'created_at': '2026-04-15T07:46:10.261000', ...}, {'address': None, 'city': 'Pune', 'courses': [], 'created_at': '2026-04-15T07:46:09.916000', ...}, ...], 'page': 1, 'pages': 6, 'total': 90}, list)
E    +    where {'items': [{'address': None, 'city': 'Nashik', 'courses': [], 'created_at': '2026-04-15T07:46:11.694000', ...}, {'address': None, 'city': 'Mumbai', 'courses': [], 'created_at': '2026-04-15T07:46:11.348000', ...}, {'address': None, 'city': 'Pune', 'courses': [], 'created_at': '2026-04-15T07:46:11.004000', ...}, {'address': None, 'city': 'Nashik', 'courses': [], 'created_at': '2026-04-15T07:46:10.596000', ...}, {'address': None, 'city': 'Mumbai', 'courses': [], 'created_at': '2026-04-15T07:46:10.261000', ...}, {'address': None, 'city': 'Pune', 'courses': [], 'created_at': '2026-04-15T07:46:09.916000', ...}, ...], 'page': 1, 'pages': 6, 'total': 90} = json()
E    +      where json = &lt;Response [200]&gt;.json</failure></testcase><testcase classname="backend.tests.test_phase2_phase3.TestEnquiriesArchived" name="test_get_enquiries_with_show_archived" time="0.056"><failure message="AssertionError: assert False&#10; +  where False = isinstance({'items': [{'address': None, 'city': 'Nashik', 'courses': [], 'created_at': '2026-04-15T07:46:11.694000', ...}, {'address': None, 'city': 'Mumbai', 'courses': [], 'created_at': '2026-04-15T07:46:11.348000', ...}, {'address': None, 'city': 'Pune', 'courses': [], 'created_at': '2026-04-15T07:46:11.004000', ...}, {'address': None, 'city': 'Nashik', 'courses': [], 'created_at': '2026-04-15T07:46:10.596000', ...}, {'address': None, 'city': 'Mumbai', 'courses': [], 'created_at': '2026-04-15T07:46:10.261000', ...}, {'address': None, 'city': 'Pune', 'courses': [], 'created_at': '2026-04-15T07:46:09.916000', ...}, ...], 'page': 1, 'pages': 6, 'total': 90}, list)&#10; +    where {'items': [{'address': None, 'city': 'Nashik', 'courses': [], 'created_at': '2026-04-15T07:46:11.694000', ...}, {'address': None, 'city': 'Mumbai', 'courses': [], 'created_at': '2026-04-15T07:46:11.348000', ...}, {'address': None, 'city': 'Pune', 'courses': [], 'created_at': '2026-04-15T07:46:11.004000', ...}, {'address': None, 'city': 'Nashik', 'courses': [], 'created_at': '2026-04-15T07:46:10.596000', ...}, {'address': None, 'city': 'Mumbai', 'courses': [], 'created_at': '2026-04-15T07:46:10.261000', ...}, {'address': None, 'city': 'Pune', 'courses': [], 'created_at': '2026-04-15T07:46:09.916000', ...}, ...], 'page': 1, 'pages': 6, 'total': 90} = json()&#10; +      where json = &lt;Response [200]&gt;.json">backend/tests/test_phase2_phase3.py:152: in test_get_enquiries_with_show_archived
    assert isinstance(r.json(), list)
E   AssertionError: assert False
E    +  where False = isinstance({'items': [{'address': None, 'city': 'Nashik', 'courses': [], 'created_at': '2026-04-15T07:46:11.694000', ...}, {'address': None, 'city': 'Mumbai', 'courses': [], 'created_at': '2026-04-15T07:46:11.348000', ...}, {'address': None, 'city': 'Pune', 'courses': [], 'created_at': '2026-04-15T07:46:11.004000', ...}, {'address': None, 'city': 'Nashik', 'courses': [], 'created_at': '2026-04-15T07:46:10.596000', ...}, {'address': None, 'city': 'Mumbai', 'courses': [], 'created_at': '2026-04-15T07:46:10.261000', ...}, {'address': None, 'city': 'Pune', 'courses': [], 'created_at': '2026-04-15T07:46:09.916000', ...}, ...], 'page': 1, 'pages': 6, 'total': 90}, list)
E    +    where {'items': [{'address': None, 'city': 'Nashik', 'courses': [], 'created_at': '2026-04-15T07:46:11.694000', ...}, {'address': None, 'city': 'Mumbai', 'courses': [], 'created_at': '2026-04-15T07:46:11.348000', ...}, {'address': None, 'city': 'Pune', 'courses': [], 'created_at': '2026-04-15T07:46:11.004000', ...}, {'address': None, 'city': 'Nashik', 'courses': [], 'created_at': '2026-04-15T07:46:10.596000', ...}, {'address': None, 'city': 'Mumbai', 'courses': [], 'created_at': '2026-04-15T07:46:10.261000', ...}, {'address': None, 'city': 'Pune', 'courses': [], 'created_at': '2026-04-15T07:46:09.916000', ...}, ...], 'page': 1, 'pages': 6, 'total': 90} = json()
E    +      where json = &lt;Response [200]&gt;.json</failure></testcase><testcase classname="backend.tests.test_phase2_phase3.TestDashboard" name="test_dashboard_summary" time="0.052"><failure message="assert 404 == 200&#10; +  where 404 = &lt;Response [404]&gt;.status_code">backend/tests/test_phase2_phase3.py:159: in test_dashboard_summary
    assert r.status_code == 200
E   assert 404 == 200
E    +  where 404 = &lt;Response [404]&gt;.status_code</failure></testcase><testcase classname="backend.tests.test_phase2_phase3.TestDashboard" name="test_revenue_by_branch" time="0.054" /><testcase classname="backend.tests.test_phase2_phase3.TestSuperAdminSettings" name="test_get_institutes" time="0.379" /><testcase classname="backend.tests.test_phase2_phase3.TestSuperAdminSettings" name="test_get_institute_settings" time="0.103" /></testsuite></testsuites>