<?xml version="1.0" encoding="utf-8"?><testsuites name="pytest tests"><testsuite name="pytest" errors="0" failures="0" skipped="0" tests="13" time="1.530" timestamp="2026-04-06T08:52:45.350635+00:00" hostname="agent-env-20d0b0ee-7b37-43d2-9c65-a22030808fc7"><testcase classname="backend.tests.test_new_features.TestCourses" name="test_list_courses" time="0.500" /><testcase classname="backend.tests.test_new_features.TestCourses" name="test_create_course" time="0.091" /><testcase classname="backend.tests.test_new_features.TestCourses" name="test_update_course" time="0.087" /><testcase classname="backend.tests.test_new_features.TestCourses" name="test_delete_course" time="0.046" /><testcase classname="backend.tests.test_new_features.TestUserManagement" name="test_list_users" time="0.042" /><testcase classname="backend.tests.test_new_features.TestUserManagement" name="test_create_teacher" time="0.307" /><testcase classname="backend.tests.test_new_features.TestUserManagement" name="test_delete_user" time="0.042" /><testcase classname="backend.tests.test_new_features.TestPayments" name="test_create_payment_order_no_key" time="0.090" /><testcase classname="backend.tests.test_new_features.TestPortal" name="test_portal_me" time="0.045" /><testcase classname="backend.tests.test_new_features.TestPortal" name="test_portal_invoices" time="0.042" /><testcase classname="backend.tests.test_new_features.TestPortal" name="test_portal_attendance" time="0.043" /><testcase classname="backend.tests.test_new_features.TestPortal" name="test_portal_certificate" time="0.083" /><testcase classname="backend.tests.test_new_features.TestPortal" name="test_portal_fee_query" time="0.044" /></testsuite></testsuites>