<?xml version="1.0" encoding="utf-8"?><testsuites name="pytest tests"><testsuite name="pytest" errors="0" failures="0" skipped="0" tests="18" time="2.159" timestamp="2026-04-06T08:15:47.857428+00:00" hostname="agent-env-20d0b0ee-7b37-43d2-9c65-a22030808fc7"><testcase classname="backend.tests.test_edutech_lms.TestAuth" name="test_login_success" time="0.352" /><testcase classname="backend.tests.test_edutech_lms.TestAuth" name="test_login_wrong_password" time="0.279" /><testcase classname="backend.tests.test_edutech_lms.TestAuth" name="test_me_authenticated" time="0.491" /><testcase classname="backend.tests.test_edutech_lms.TestAuth" name="test_me_unauthenticated" time="0.106" /><testcase classname="backend.tests.test_edutech_lms.TestDashboard" name="test_stats" time="0.055" /><testcase classname="backend.tests.test_edutech_lms.TestEnquiries" name="test_list_enquiries" time="0.048" /><testcase classname="backend.tests.test_edutech_lms.TestEnquiries" name="test_create_enquiry" time="0.046" /><testcase classname="backend.tests.test_edutech_lms.TestEnquiries" name="test_update_stage" time="0.047" /><testcase classname="backend.tests.test_edutech_lms.TestEnquiries" name="test_delete_enquiry" time="0.045" /><testcase classname="backend.tests.test_edutech_lms.TestAcademic" name="test_list_branches" time="0.045" /><testcase classname="backend.tests.test_edutech_lms.TestAcademic" name="test_list_batches" time="0.046" /><testcase classname="backend.tests.test_edutech_lms.TestAcademic" name="test_list_schedule" time="0.045" /><testcase classname="backend.tests.test_edutech_lms.TestFinance" name="test_list_invoices" time="0.048" /><testcase classname="backend.tests.test_edutech_lms.TestFinance" name="test_generate_invoice" time="0.140" /><testcase classname="backend.tests.test_edutech_lms.TestStudents" name="test_list_students" time="0.046" /><testcase classname="backend.tests.test_edutech_lms.TestStudents" name="test_create_and_get_student" time="0.092" /><testcase classname="backend.tests.test_edutech_lms.TestStudents" name="test_student_lifecycle_onboard" time="0.109" /><testcase classname="backend.tests.test_edutech_lms.TestStudents" name="test_student_complete" time="0.050" /></testsuite></testsuites>