<?xml version="1.0" encoding="utf-8"?><testsuites name="pytest tests"><testsuite name="pytest" errors="0" failures="0" skipped="0" tests="12" time="2.098" timestamp="2026-04-18T06:28:55.171067+00:00" hostname="agent-env-20d0b0ee-7b37-43d2-9c65-a22030808fc7"><testcase classname="backend.tests.test_refactored_backend.TestAuth" name="test_admin_login" time="0.361" /><testcase classname="backend.tests.test_refactored_backend.TestAuth" name="test_superadmin_login" time="0.342" /><testcase classname="backend.tests.test_refactored_backend.TestAuth" name="test_invalid_login" time="0.104" /><testcase classname="backend.tests.test_refactored_backend.TestDashboard" name="test_dashboard_stats" time="0.376" /><testcase classname="backend.tests.test_refactored_backend.TestStudents" name="test_get_students" time="0.056" /><testcase classname="backend.tests.test_refactored_backend.TestBranches" name="test_get_branches" time="0.049" /><testcase classname="backend.tests.test_refactored_backend.TestEnquiries" name="test_get_enquiries_paginated" time="0.048" /><testcase classname="backend.tests.test_refactored_backend.TestFinance" name="test_get_invoices" time="0.052" /><testcase classname="backend.tests.test_refactored_backend.TestSettings" name="test_get_twilio_settings" time="0.047" /><testcase classname="backend.tests.test_refactored_backend.TestSettings" name="test_get_razorpay_settings" time="0.046" /><testcase classname="backend.tests.test_refactored_backend.TestAdmin" name="test_backup_returns_file" time="0.078" /><testcase classname="backend.tests.test_refactored_backend.TestPortal" name="test_student_portal_me" time="0.395" /></testsuite></testsuites>