<?xml version="1.0" encoding="utf-8"?><testsuites name="pytest tests"><testsuite name="pytest" errors="0" failures="0" skipped="2" tests="15" time="7.018" timestamp="2026-04-15T09:06:23.817266+00:00" hostname="agent-env-20d0b0ee-7b37-43d2-9c65-a22030808fc7"><testcase classname="backend.tests.test_multitenant.TestLogin" name="test_super_admin_login_no_code" time="0.457" /><testcase classname="backend.tests.test_multitenant.TestLogin" name="test_default_admin_login_with_code" time="0.348" /><testcase classname="backend.tests.test_multitenant.TestLogin" name="test_invalid_institute_code_rejected" time="0.117" /><testcase classname="backend.tests.test_multitenant.TestLogin" name="test_sunrise_admin_login" time="0.331" /><testcase classname="backend.tests.test_multitenant.TestSuperAdminInstitutes" name="test_list_institutes" time="0.395" /><testcase classname="backend.tests.test_multitenant.TestSuperAdminInstitutes" name="test_create_and_delete_institute" time="0.656" /><testcase classname="backend.tests.test_multitenant.TestSuperAdminInstitutes" name="test_non_super_admin_cannot_list_institutes" time="0.732" /><testcase classname="backend.tests.test_multitenant.TestDataIsolation" name="test_default_admin_sees_students" time="0.391" /><testcase classname="backend.tests.test_multitenant.TestDataIsolation" name="test_default_admin_sees_enquiries" time="0.407" /><testcase classname="backend.tests.test_multitenant.TestDataIsolation" name="test_sunrise_admin_sees_zero_students" time="0.713" /><testcase classname="backend.tests.test_multitenant.TestDataIsolation" name="test_sunrise_admin_sees_zero_enquiries" time="0.711" /><testcase classname="backend.tests.test_multitenant.TestParentAccounts" name="test_list_parents" time="0.415" /><testcase classname="backend.tests.test_multitenant.TestParentAccounts" name="test_create_parent_account" time="0.718" /><testcase classname="backend.tests.test_multitenant.TestParentAccounts" name="test_create_parent_login_and_dashboard" time="0.427"><skipped type="pytest.skip" message="Could not create parent: {&quot;detail&quot;:&quot;Email already registered&quot;}">/app/backend/tests/test_multitenant.py:209: Could not create parent: {"detail":"Email already registered"}</skipped></testcase><testcase classname="backend.tests.test_multitenant.TestStudentInviteParent" name="test_invite_parent_endpoint" time="0.098"><skipped type="pytest.skip" message="student@edutech.com not available, skipping invite test">/app/backend/tests/test_multitenant.py:246: student@edutech.com not available, skipping invite test</skipped></testcase></testsuite></testsuites>