<?xml version="1.0" encoding="utf-8"?><testsuites name="pytest tests"><testsuite name="pytest" errors="0" failures="0" skipped="1" tests="8" time="1.145" timestamp="2026-04-18T05:45:07.138566+00:00" hostname="agent-env-20d0b0ee-7b37-43d2-9c65-a22030808fc7"><testcase classname="backend.tests.test_new_features.TestLogoAPI" name="test_get_logo_before_upload" time="0.402" /><testcase classname="backend.tests.test_new_features.TestLogoAPI" name="test_upload_logo_admin" time="0.047" /><testcase classname="backend.tests.test_new_features.TestLogoAPI" name="test_get_logo_after_upload" time="0.052" /><testcase classname="backend.tests.test_new_features.TestInvoicePDFBranding" name="test_invoice_pdf_branding" time="0.047"><skipped type="pytest.skip" message="No invoices in DB">/app/backend/tests/test_new_features.py:67: No invoices in DB</skipped></testcase><testcase classname="backend.tests.test_new_features.TestPortalPhotoAndIDCard" name="test_portal_photo_upload_admin_returns_404" time="0.050" /><testcase classname="backend.tests.test_new_features.TestPortalPhotoAndIDCard" name="test_portal_id_card_admin_returns_404" time="0.050" /><testcase classname="backend.tests.test_new_features.TestPortalPhotoAndIDCard" name="test_portal_id_card_student" time="0.381" /><testcase classname="backend.tests.test_new_features.TestPortalPhotoAndIDCard" name="test_portal_photo_upload_student" time="0.049" /></testsuite></testsuites>