<?xml version="1.0" encoding="utf-8"?><testsuites name="pytest tests"><testsuite name="pytest" errors="0" failures="0" skipped="0" tests="10" time="1.134" timestamp="2026-04-06T09:13:21.340699+00:00" hostname="agent-env-20d0b0ee-7b37-43d2-9c65-a22030808fc7"><testcase classname="backend.tests.test_new_features.TestWhatsAppWebhook" name="test_webhook_get_verification" time="0.144" /><testcase classname="backend.tests.test_new_features.TestWhatsAppWebhook" name="test_webhook_get_wrong_token" time="0.097" /><testcase classname="backend.tests.test_new_features.TestWhatsAppWebhook" name="test_webhook_post_meta_format" time="0.124" /><testcase classname="backend.tests.test_new_features.TestSettingsAPI" name="test_get_razorpay_settings" time="0.365" /><testcase classname="backend.tests.test_new_features.TestSettingsAPI" name="test_save_razorpay_settings" time="0.054" /><testcase classname="backend.tests.test_new_features.TestSettingsAPI" name="test_get_razorpay_settings_after_save" time="0.044" /><testcase classname="backend.tests.test_new_features.TestSettingsAPI" name="test_get_whatsapp_webhook_info" time="0.043" /><testcase classname="backend.tests.test_new_features.TestAttendanceReport" name="test_batch_report_returns_list" time="0.050" /><testcase classname="backend.tests.test_new_features.TestAttendanceReport" name="test_batch_report_has_attendance_pct" time="0.046" /><testcase classname="backend.tests.test_new_features.TestCertificatePDF" name="test_pdf_cert_requires_auth" time="0.095" /></testsuite></testsuites>