<?xml version="1.0" encoding="utf-8"?><testsuites name="pytest tests"><testsuite name="pytest" errors="0" failures="0" skipped="0" tests="4" time="0.999" timestamp="2026-04-15T09:57:38.773384+00:00" hostname="agent-env-20d0b0ee-7b37-43d2-9c65-a22030808fc7"><testcase classname="backend.tests.test_twilio_settings.TestTwilioSettings" name="test_get_twilio_default" time="0.590" /><testcase classname="backend.tests.test_twilio_settings.TestTwilioSettings" name="test_post_twilio_save" time="0.105" /><testcase classname="backend.tests.test_twilio_settings.TestTwilioSettings" name="test_get_twilio_after_save" time="0.131" /><testcase classname="backend.tests.test_twilio_settings.TestTwilioSettings" name="test_twilio_requires_auth" time="0.108" /></testsuite></testsuites>